<?xml version="1.0" encoding="UTF-8"?>
<!-- Generated by org.testng.reporters.JUnitXMLReporter -->
<testsuite ignored="5" hostname="DESKTOP-PDCQ0H0" failures="0" tests="1" name="Default test" time="21.092" errors="0" timestamp="2025-03-07T15:37:20 IST">
  <testcase classname="brrStyle.InvalidTokenWithMessageValidation" name="facility_FetchNestedData_with_JsonPath" time="20.374"/>
  <testcase classname="brrStyle.InvalidTokenWithMessageValidation" name="getContactsAPITest_WithInvalidToken" time="0.0">
    <ignored/>
  </testcase> <!-- getContactsAPITest_WithInvalidToken -->
  <testcase classname="brrStyle.InvalidTokenWithMessageValidation" name="getFullSetUser_FetchSingleUSerData_with_JsonPath" time="0.0">
    <ignored/>
  </testcase> <!-- getFullSetUser_FetchSingleUSerData_with_JsonPath -->
  <testcase classname="brrStyle.InvalidTokenWithMessageValidation" name="getSingleUser_FetchSingleUSerData_with_JsonPath" time="0.0">
    <ignored/>
  </testcase> <!-- getSingleUser_FetchSingleUSerData_with_JsonPath -->
  <testcase classname="brrStyle.InvalidTokenWithMessageValidation" name="getContactsAPITest_WithInvalidToken_ExtarctMEthod" time="0.0">
    <ignored/>
  </testcase> <!-- getContactsAPITest_WithInvalidToken_ExtarctMEthod -->
  <testcase classname="brrStyle.InvalidTokenWithMessageValidation" name="FetchNestedData_with_JsonPath" time="0.0">
    <ignored/>
  </testcase> <!-- FetchNestedData_with_JsonPath -->
</testsuite> <!-- Default test -->
