<?xml version="1.0" encoding="UTF-8"?>
<!-- Generated by org.testng.reporters.JUnitXMLReporter -->
<testsuite ignored="0" hostname="DESKTOP-PDCQ0H0" failures="0" tests="4" name="Default test" time="35.675" errors="0" timestamp="2025-03-05T15:46:12 IST">
  <testcase classname="brrStyle.WithBDDStyle" name="getAboutDeatils" time="23.844"/>
  <testcase classname="brrStyle.WithBDDStyle" name="getAllFacilities" time="1.538"/>
  <testcase classname="brrStyle.WithBDDStyle" name="getAllWorkStationDeatils" time="1.353"/>
  <testcase classname="brrStyle.WithBDDStyle" name="getRESTSettingDeatils" time="1.242"/>
</testsuite> <!-- Default test -->
