<?xml version="1.0" encoding="UTF-8"?>
<testng-results ignored="4" total="5" passed="1" failed="0" skipped="0">
  <reporter-output>
  </reporter-output>
  <suite started-at="2025-03-07T13:27:33 IST" name="Default suite" finished-at="2025-03-07T13:27:46 IST" duration-ms="13218">
    <groups>
    </groups>
    <test started-at="2025-03-07T13:27:33 IST" name="Default test" finished-at="2025-03-07T13:27:46 IST" duration-ms="13218">
      <class name="brrStyle.InvalidTokenWithMessageValidation">
        <test-method signature="FetchNestedData_with_JsonPath()[pri:0, instance:brrStyle.InvalidTokenWithMessageValidation@53aac487]" started-at="2025-03-07T13:27:33 IST" name="FetchNestedData_with_JsonPath" finished-at="2025-03-07T13:27:46 IST" duration-ms="13099" status="PASS">
          <reporter-output>
          </reporter-output>
        </test-method> <!-- FetchNestedData_with_JsonPath -->
      </class> <!-- brrStyle.InvalidTokenWithMessageValidation -->
    </test> <!-- Default test -->
  </suite> <!-- Default suite -->
</testng-results>
